<?xml version="1.0" encoding="UTF-8"?>
<testsuite name="org.example.services.SolutionTest" tests="7" skipped="0" failures="0" errors="0" timestamp="2025-04-14T18:00:41" hostname="RUBEN" time="0.109">
  <properties/>
  <testcase name="testNoPossibleMatch()" classname="org.example.services.SolutionTest" time="0.08"/>
  <testcase name="testTargetLongerThanSource()" classname="org.example.services.SolutionTest" time="0.002"/>
  <testcase name="testEmptySource()" classname="org.example.services.SolutionTest" time="0.003"/>
  <testcase name="testEmptyTarget()" classname="org.example.services.SolutionTest" time="0.002"/>
  <testcase name="testMultipleOccurrences()" classname="org.example.services.SolutionTest" time="0.002"/>
  <testcase name="testMultiplePaths()" classname="org.example.services.SolutionTest" time="0.002"/>
  <testcase name="testExactMatch()" classname="org.example.services.SolutionTest" time="0.003"/>
  <system-out><![CDATA[]]></system-out>
  <system-err><![CDATA[]]></system-err>
</testsuite>
